<?xml version="1.0" encoding="UTF-8"?>
<!-- Generated by org.testng.reporters.JUnitXMLReporter -->
<testsuite hostname="mirjana" ignored="0" tests="13" failures="0" timestamp="28 Jul 2020 13:36:42 GMT" time="98.444" errors="0">
  <testcase name="testChangePassword" time="4.148" classname="ForgotPasswordTest"/>
  <testcase name="testLoginLogout" time="2.984" classname="LoginTest"/>
  <testcase name="testLoginWithWrongPassword" time="2.271" classname="LoginTest"/>
  <testcase name="testLoginWithWrongUsername" time="1.999" classname="LoginTest"/>
  <testcase name="testLoginWithoutCredentials" time="1.909" classname="LoginTest"/>
  <testcase name="testDELETEUseCase" time="4.304" classname="RestAPITest"/>
  <testcase name="testGETAllUseCases" time="0.897" classname="RestAPITest"/>
  <testcase name="testPOSTCreateUseCase" time="0.897" classname="RestAPITest"/>
  <testcase name="testPOSTLogin" time="0.553" classname="RestAPITest"/>
  <testcase name="testPOSTLoginWithInvalidPassword" time="0.308" classname="RestAPITest"/>
  <testcase name="testPOSTLoginWithWrongEmail" time="0.314" classname="RestAPITest"/>
  <testcase name="testCreate4UseCases" time="16.778" classname="UseCaseTest"/>
  <testcase name="testUpdateUseCaseFields" time="7.498" classname="UseCaseTest"/>
</testsuite>
