<?xml version="1.0" encoding="UTF-8" ?>
<testsuite tests="13" failures="0" name="TestSuite" time="44.745" errors="0" skipped="0">
  <properties>
[...]
</properties>
  <testcase classname="ForgotPasswordTest" name="testChangePassword" time="4.151"/>
  <testcase classname="LoginTest" name="testLoginLogout" time="2.983"/>
  <testcase classname="LoginTest" name="testLoginWithWrongPassword" time="2.27"/>
  <testcase classname="LoginTest" name="testLoginWithWrongUsername" time="1.997"/>
  <testcase classname="LoginTest" name="testLoginWithoutCredentials" time="1.909"/>
  <testcase classname="RestAPITest" name="testDELETEUseCase" time="4.302"/>
  <testcase classname="RestAPITest" name="testGETAllUseCases" time="0.892"/>
  <testcase classname="RestAPITest" name="testPOSTCreateUseCase" time="0.883"/>
  <testcase classname="RestAPITest" name="testPOSTLogin" time="0.534"/>
  <testcase classname="RestAPITest" name="testPOSTLoginWithInvalidPassword" time="0.305"/>
  <testcase classname="RestAPITest" name="testPOSTLoginWithWrongEmail" time="0.31"/>
  <testcase classname="UseCaseTest" name="testCreate4UseCases" time="16.715"/>
  <testcase classname="UseCaseTest" name="testUpdateUseCaseFields" time="7.494"/>
</testsuite>